#
# There is insufficient memory for the Java Runtime Environment to continue.
# Native memory allocation (mmap) failed to map 257949696 bytes for G1 virtual space
# Possible reasons:
#   The system is out of physical RAM or swap space
#   The process is running with CompressedOops enabled, and the Java Heap may be blocking the growth of the native heap
# Possible solutions:
#   Reduce memory load on the system
#   Increase physical memory or swap space
#   Check if swap backing store is full
#   Decrease Java heap size (-Xmx/-Xms)
#   Decrease number of Java threads
#   Decrease Java thread stack sizes (-Xss)
#   Set larger code cache with -XX:ReservedCodeCacheSize=
#   JVM is running with Zero Based Compressed Oops mode in which the Java heap is
#     placed in the first 32GB address space. The Java Heap base address is the
#     maximum limit for the native heap growth. Please use -XX:HeapBaseMinAddress
#     to set the Java Heap base and to place the Java Heap above 32GB virtual address.
# This output file may be truncated or incomplete.
#
#  Out of Memory Error (os_windows.cpp:3548), pid=7788, tid=7404
#
# JRE version:  (17.0.12+8) (build )
# Java VM: Java HotSpot(TM) 64-Bit Server VM (17.0.12+8-LTS-286, mixed mode, emulated-client, sharing, tiered, compressed oops, compressed class ptrs, g1 gc, windows-amd64)
# No core dump will be written. Minidumps are not enabled by default on client versions of Windows
#

---------------  S U M M A R Y ------------

Command Line: -XX:TieredStopAtLevel=1 -Dspring.output.ansi.enabled=always -Dcom.sun.management.jmxremote -Dspring.jmx.enabled=true -Dspring.liveBeansView.mbeanDomain -Dspring.application.admin.enabled=true -Dmanagement.endpoints.jmx.exposure.include=* -javaagent:D:\BaiduNetdiskDownload\IntelliJ IDEA 2024.1.4\lib\idea_rt.jar=59774:D:\BaiduNetdiskDownload\IntelliJ IDEA 2024.1.4\bin -Dfile.encoding=UTF-8 com.xmu.edu.concert_ticketseckill_system.ConcertTicketseckillSystemApplication

Host: AMD Ryzen 7 5800H with Radeon Graphics         , 16 cores, 15G,  Windows 11 , 64 bit Build 26100 (10.0.26100.3912)
Time: Fri Jun  6 13:11:12 2025  Windows 11 , 64 bit Build 26100 (10.0.26100.3912) elapsed time: 1.065420 seconds (0d 0h 0m 1s)

---------------  T H R E A D  ---------------

Current thread (0x0000025ea3454c60):  JavaThread "Unknown thread" [_thread_in_vm, id=7404, stack(0x00000069e9800000,0x00000069e9900000)]

Stack: [0x00000069e9800000,0x00000069e9900000]
Native frames: (J=compiled Java code, j=interpreted, Vv=VM code, C=native code)
V  [jvm.dll+0x67a04a]
V  [jvm.dll+0x7da4ed]
V  [jvm.dll+0x7dbe33]
V  [jvm.dll+0x7dc4a3]
V  [jvm.dll+0x24508f]
V  [jvm.dll+0x677089]
V  [jvm.dll+0x66bd32]
V  [jvm.dll+0x301fa6]
V  [jvm.dll+0x309546]
V  [jvm.dll+0x359d2e]
V  [jvm.dll+0x359f5f]
V  [jvm.dll+0x2d9078]
V  [jvm.dll+0x2d9fe4]
V  [jvm.dll+0x7aca21]
V  [jvm.dll+0x367591]
V  [jvm.dll+0x78b999]
V  [jvm.dll+0x3ec83f]
V  [jvm.dll+0x3ee471]
C  [jli.dll+0x5297]
C  [ucrtbase.dll+0x37b0]
C  [KERNEL32.DLL+0x2e8d7]
C  [ntdll.dll+0x9c5dc]


---------------  P R O C E S S  ---------------

Threads class SMR info:
_java_thread_list=0x00007ffd2ea37a18, length=0, elements={
}

Java Threads: ( => current thread )

Other Threads:
  0x0000025ea34bd6a0 GCTaskThread "GC Thread#0" [stack: 0x00000069e9900000,0x00000069e9a00000] [id=25296]
  0x0000025ea34d0790 ConcurrentGCThread "G1 Main Marker" [stack: 0x00000069e9a00000,0x00000069e9b00000] [id=12372]
  0x0000025ea34d10a0 ConcurrentGCThread "G1 Conc#0" [stack: 0x00000069e9b00000,0x00000069e9c00000] [id=24032]

[error occurred during error reporting (printing all threads), id 0xc0000005, EXCEPTION_ACCESS_VIOLATION (0xc0000005) at pc=0x00007ffd2e269b67]

VM state: not at safepoint (not fully initialized)

VM Mutex/Monitor currently owned by a thread:  ([mutex/lock_event])
[0x0000025ea3450320] Heap_lock - owner thread: 0x0000025ea3454c60

Heap address: 0x000000070a400000, size: 3932 MB, Compressed Oops mode: Zero based, Oop shift amount: 3

CDS archive(s) mapped at: [0x0000000000000000-0x0000000000000000-0x0000000000000000), size 0, SharedBaseAddress: 0x0000000800000000, ArchiveRelocationMode: 1.
Narrow klass base: 0x0000000000000000, Narrow klass shift: 0, Narrow klass range: 0x0

GC Precious Log:
<Empty>

Heap:
 garbage-first heap   total 0K, used 0K [0x000000070a400000, 0x0000000800000000)
  region size 2048K, 0 young (0K), 0 survivors (0K)

[error occurred during error reporting (printing heap information), id 0xc0000005, EXCEPTION_ACCESS_VIOLATION (0xc0000005) at pc=0x00007ffd2e653859]

GC Heap History (0 events):
No events

Deoptimization events (0 events):
No events

Classes unloaded (0 events):
No events

Classes redefined (0 events):
No events

Internal exceptions (0 events):
No events

VM Operations (0 events):
No events

Events (1 events):
Event: 0.009 Loaded shared library C:\Program Files\Java\jdk-17\bin\java.dll


Dynamic libraries:
0x00007ff76ba20000 - 0x00007ff76ba30000 	C:\Program Files\Java\jdk-17\bin\java.exe
0x00007ffdb4e20000 - 0x00007ffdb5086000 	C:\WINDOWS\SYSTEM32\ntdll.dll
0x00007ffdb32f0000 - 0x00007ffdb33b9000 	C:\WINDOWS\System32\KERNEL32.DLL
0x00007ffdb21e0000 - 0x00007ffdb25ac000 	C:\WINDOWS\System32\KERNELBASE.dll
0x00007ffdb28c0000 - 0x00007ffdb2a0b000 	C:\WINDOWS\System32\ucrtbase.dll
0x00007ffdadf30000 - 0x00007ffdadf4b000 	C:\Program Files\Java\jdk-17\bin\VCRUNTIME140.dll
0x00007ffdac880000 - 0x00007ffdac899000 	C:\Program Files\Java\jdk-17\bin\jli.dll
0x00007ffdb41c0000 - 0x00007ffdb4272000 	C:\WINDOWS\System32\ADVAPI32.dll
0x00007ffdb35d0000 - 0x00007ffdb3679000 	C:\WINDOWS\System32\msvcrt.dll
0x00007ffdb3110000 - 0x00007ffdb31b6000 	C:\WINDOWS\System32\sechost.dll
0x00007ffdb40a0000 - 0x00007ffdb41b6000 	C:\WINDOWS\System32\RPCRT4.dll
0x00007ffdb2f40000 - 0x00007ffdb310a000 	C:\WINDOWS\System32\USER32.dll
0x00007ffdb2890000 - 0x00007ffdb28b7000 	C:\WINDOWS\System32\win32u.dll
0x00007ffd9d9c0000 - 0x00007ffd9dc5a000 	C:\WINDOWS\WinSxS\amd64_microsoft.windows.common-controls_6595b64144ccf1df_6.0.26100.3912_none_3e07963ce335137e\COMCTL32.dll
0x00007ffdb4c10000 - 0x00007ffdb4c3b000 	C:\WINDOWS\System32\GDI32.dll
0x00007ffdb2aa0000 - 0x00007ffdb2bd2000 	C:\WINDOWS\System32\gdi32full.dll
0x00007ffdb1fb0000 - 0x00007ffdb2053000 	C:\WINDOWS\System32\msvcp_win.dll
0x00007ffda9810000 - 0x00007ffda981b000 	C:\WINDOWS\SYSTEM32\VERSION.dll
0x00007ffdb32b0000 - 0x00007ffdb32e0000 	C:\WINDOWS\System32\IMM32.DLL
0x00007ffdac870000 - 0x00007ffdac87c000 	C:\Program Files\Java\jdk-17\bin\vcruntime140_1.dll
0x00007ffdac7e0000 - 0x00007ffdac86e000 	C:\Program Files\Java\jdk-17\bin\msvcp140.dll
0x00007ffd2df80000 - 0x00007ffd2eb60000 	C:\Program Files\Java\jdk-17\bin\server\jvm.dll
0x00007ffdb34c0000 - 0x00007ffdb34c8000 	C:\WINDOWS\System32\PSAPI.DLL
0x00007ffd96ff0000 - 0x00007ffd96ffa000 	C:\WINDOWS\SYSTEM32\WSOCK32.dll
0x00007ffdaef20000 - 0x00007ffdaef56000 	C:\WINDOWS\SYSTEM32\WINMM.dll
0x00007ffdb34d0000 - 0x00007ffdb3544000 	C:\WINDOWS\System32\WS2_32.dll
0x00007ffdb0d70000 - 0x00007ffdb0d8a000 	C:\WINDOWS\SYSTEM32\kernel.appcore.dll
0x00007ffdac7d0000 - 0x00007ffdac7da000 	C:\Program Files\Java\jdk-17\bin\jimage.dll
0x00007ffdaf7b0000 - 0x00007ffdaf9f1000 	C:\WINDOWS\SYSTEM32\DBGHELP.DLL
0x00007ffdb4850000 - 0x00007ffdb4bd4000 	C:\WINDOWS\System32\combase.dll
0x00007ffdb31c0000 - 0x00007ffdb32a0000 	C:\WINDOWS\System32\OLEAUT32.dll
0x00007ffd97260000 - 0x00007ffd97299000 	C:\WINDOWS\SYSTEM32\dbgcore.DLL
0x00007ffdb25b0000 - 0x00007ffdb2649000 	C:\WINDOWS\System32\bcryptPrimitives.dll
0x00007ffdac7a0000 - 0x00007ffdac7ae000 	C:\Program Files\Java\jdk-17\bin\instrument.dll
0x00007ffda25d0000 - 0x00007ffda25f5000 	C:\Program Files\Java\jdk-17\bin\java.dll

dbghelp: loaded successfully - version: 4.0.5 - missing functions: none
symbol engine: initialized successfully - sym options: 0x614 - pdb path: .;C:\Program Files\Java\jdk-17\bin;C:\WINDOWS\SYSTEM32;C:\WINDOWS\WinSxS\amd64_microsoft.windows.common-controls_6595b64144ccf1df_6.0.26100.3912_none_3e07963ce335137e;C:\Program Files\Java\jdk-17\bin\server

VM Arguments:
jvm_args: -XX:TieredStopAtLevel=1 -Dspring.output.ansi.enabled=always -Dcom.sun.management.jmxremote -Dspring.jmx.enabled=true -Dspring.liveBeansView.mbeanDomain -Dspring.application.admin.enabled=true -Dmanagement.endpoints.jmx.exposure.include=* -javaagent:D:\BaiduNetdiskDownload\IntelliJ IDEA 2024.1.4\lib\idea_rt.jar=59774:D:\BaiduNetdiskDownload\IntelliJ IDEA 2024.1.4\bin -Dfile.encoding=UTF-8 
java_command: com.xmu.edu.concert_ticketseckill_system.ConcertTicketseckillSystemApplication
java_class_path (initial): D:\.net×÷Òµ\concert_ticketseckill_system\target\classes;D:\BaiduNetdiskDownload\apache-maven-3.8.1\.m2\org\springframework\boot\spring-boot-starter-web\3.4.5\spring-boot-starter-web-3.4.5.jar;D:\BaiduNetdiskDownload\apache-maven-3.8.1\.m2\org\springframework\boot\spring-boot-starter\3.4.5\spring-boot-starter-3.4.5.jar;D:\BaiduNetdiskDownload\apache-maven-3.8.1\.m2\org\springframework\boot\spring-boot\3.4.5\spring-boot-3.4.5.jar;D:\BaiduNetdiskDownload\apache-maven-3.8.1\.m2\org\springframework\boot\spring-boot-autoconfigure\3.4.5\spring-boot-autoconfigure-3.4.5.jar;D:\BaiduNetdiskDownload\apache-maven-3.8.1\.m2\org\springframework\boot\spring-boot-starter-logging\3.4.5\spring-boot-starter-logging-3.4.5.jar;D:\BaiduNetdiskDownload\apache-maven-3.8.1\.m2\ch\qos\logback\logback-classic\1.5.18\logback-classic-1.5.18.jar;D:\BaiduNetdiskDownload\apache-maven-3.8.1\.m2\ch\qos\logback\logback-core\1.5.18\logback-core-1.5.18.jar;D:\BaiduNetdiskDownload\apache-maven-3.8.1\.m2\org\apache\logging\log4j\log4j-to-slf4j\2.24.3\log4j-to-slf4j-2.24.3.jar;D:\BaiduNetdiskDownload\apache-maven-3.8.1\.m2\org\apache\logging\log4j\log4j-api\2.24.3\log4j-api-2.24.3.jar;D:\BaiduNetdiskDownload\apache-maven-3.8.1\.m2\org\slf4j\jul-to-slf4j\2.0.17\jul-to-slf4j-2.0.17.jar;D:\BaiduNetdiskDownload\apache-maven-3.8.1\.m2\jakarta\annotation\jakarta.annotation-api\2.1.1\jakarta.annotation-api-2.1.1.jar;D:\BaiduNetdiskDownload\apache-maven-3.8.1\.m2\org\yaml\snakeyaml\2.3\snakeyaml-2.3.jar;D:\BaiduNetdiskDownload\apache-maven-3.8.1\.m2\org\springframework\boot\spring-boot-starter-json\3.4.5\spring-boot-starter-json-3.4.5.jar;D:\BaiduNetdiskDownload\apache-maven-3.8.1\.m2\com\fasterxml\jackson\datatype\jackson-datatype-jdk8\2.18.3\jackson-datatype-jdk8-2.18.3.jar;D:\BaiduNetdiskDownload\apache-maven-3.8.1\.m2\com\fasterxml\jackson\datatype\jackson-datatype-jsr310\2.18.3\jackson-datatype-jsr310-2.18.3.jar;D:\BaiduNetdiskDownload\apache-maven-3.8.1\.m2\com\fasterxml\jackson
Launcher Type: SUN_STANDARD

[Global flags]
     intx CICompilerCount                          = 12                                        {product} {ergonomic}
     uint ConcGCThreads                            = 3                                         {product} {ergonomic}
     uint G1ConcRefinementThreads                  = 13                                        {product} {ergonomic}
   size_t G1HeapRegionSize                         = 2097152                                   {product} {ergonomic}
    uintx GCDrainStackTargetSize                   = 64                                        {product} {ergonomic}
   size_t InitialHeapSize                          = 257949696                                 {product} {ergonomic}
     bool ManagementServer                         = true                                      {product} {command line}
   size_t MarkStackSize                            = 4194304                                   {product} {ergonomic}
   size_t MaxHeapSize                              = 4123000832                                {product} {ergonomic}
   size_t MinHeapDeltaBytes                        = 2097152                                   {product} {ergonomic}
   size_t MinHeapSize                              = 8388608                                   {product} {ergonomic}
    uintx NonProfiledCodeHeapSize                  = 0                                      {pd product} {ergonomic}
     bool ProfileInterpreter                       = false                                  {pd product} {command line}
    uintx ProfiledCodeHeapSize                     = 0                                      {pd product} {ergonomic}
   size_t SoftMaxHeapSize                          = 4123000832                             {manageable} {ergonomic}
     intx TieredStopAtLevel                        = 1                                         {product} {command line}
     bool UseCompressedClassPointers               = true                           {product lp64_product} {ergonomic}
     bool UseCompressedOops                        = true                           {product lp64_product} {ergonomic}
     bool UseG1GC                                  = true                                      {product} {ergonomic}
     bool UseLargePagesIndividualAllocation        = false                                  {pd product} {ergonomic}

Logging:
Log output configuration:
 #0: stdout all=warning uptime,level,tags
 #1: stderr all=off uptime,level,tags

Environment Variables:
JAVA_HOME=C:\Program Files\Java\jdk1.8.0_162
PATH=C:\ProgramData\Oracle\Java\javapath;C:\Program Files\Java\jdk1.8.0_162\bin;C:\Program Files\Common Files\Oracle\Java\javapath;D:\BaiduNetdiskDownload\nodejs;D:\BaiduNetdiskDownload\jdk1.8\bin;D:\bin\;C:\Windows\system32;C:\Windows;C:\Windows\System32\Wbem;C:\Windows\System32\WindowsPowerShell\v1.0\;C:\Windows\System32\OpenSSH\;C:\Program Files (x86)\NVIDIA Corporation\PhysX\Common;C:\WINDOWS\system32;C:\WINDOWS;C:\WINDOWS\System32\Wbem;C:\WINDOWS\System32\WindowsPowerShell\v1.0\;C:\WINDOWS\System32\OpenSSH\;C:\Program Files\dotnet\;D:\Git\cmd;D:\BaiduNetdiskDownload\apache-maven-3.8.1\bin;C:\Program Files (x86)\Windows Kits\10\Windows Performance Toolkit\;D:\360downloads\SQL 2019\150\Tools\Binn\;D:\360downloads\SQL SERVER 2019\150\Tools\Binn\;D:\360downloads\SQL SERVER 2019\150\DTS\Binn\;D:\360downloads\SQL SERVER 2019\Client SDK\ODBC\170\Tools\Binn\;D:\360downloads\SQL 2019\150\DTS\Binn\;D:\360downloads\SQL 2019\160\DTS\Binn\;D:\360downloads\SQL SERVER 2019\130\DTS\Binn\;D:\360downloads\SQL SERVER 2019\140\DTS\Binn\;D:\360downloads\SQL SERVER 2019\160\DTS\Binn\;C:\MinGW\bin;C:\Program Files\nodejs\;C:\Program Files\Java\jdk1.8.0_162\jre\bin;D:\Anaconda;D:\Anaconda\Library\mingw-w64\bin;D:\Anaconda\Library\usr\bin;D:\Anaconda\Library\bin;D:\Anaconda\Scripts;C:\Users\wjy\AppData\Local\Programs\Python\Python311\Scripts\;C:\Users\wjy\AppData\Local\Programs\Python\Python311\;C:\Users\wjy\AppData\Local\Microsoft\WindowsApps;C:\Users\wjy\.dotnet\tools;D:\Microsoft VS Code\bin;D:\SQL\Program Files\MySQL\MySQL Server 8.4\bin;C:\Users\wjy\AppData\Roaming\npm
USERNAME=wjy
OS=Windows_NT
PROCESSOR_IDENTIFIER=AMD64 Family 25 Model 80 Stepping 0, AuthenticAMD



---------------  S Y S T E M  ---------------

OS:
 Windows 11 , 64 bit Build 26100 (10.0.26100.3912)
OS uptime: 0 days 10:49 hours
Hyper-V role detected

CPU: total 16 (initial active 16) (16 cores per cpu, 2 threads per core) family 25 model 80 stepping 0 microcode 0xa50000c, cx8, cmov, fxsr, ht, mmx, 3dnowpref, sse, sse2, sse3, ssse3, sse4a, sse4.1, sse4.2, popcnt, lzcnt, tsc, tscinvbit, avx, avx2, aes, erms, clmul, bmi1, bmi2, adx, sha, fma, vzeroupper, clflush, clflushopt, hv

Memory: 4k page, system-wide physical 15724M (2921M free)
TotalPageFile size 19820M (AvailPageFile size 168M)
current process WorkingSet (physical memory assigned to process): 12M, peak: 12M
current process commit charge ("private bytes"): 66M, peak: 311M

vm_info: Java HotSpot(TM) 64-Bit Server VM (17.0.12+8-LTS-286) for windows-amd64 JRE (17.0.12+8-LTS-286), built on Jun  5 2024 06:46:59 by "mach5one" with MS VC++ 17.6 (VS2022)

END.
